<?xml version="1.0" encoding="UTF-8"?>
<!-- Generated by org.testng.reporters.JUnitReportReporter -->
<testsuite hostname="LAPTOP-E8AE22MJ" failures="0" tests="3" name="dataProviders.Methods" time="0.007" errors="0" timestamp="2023-06-14T12:22:44 IST" skipped="0">
  <testcase classname="dataProviders.Methods" name="testmethod" time="0.001"/>
  <system-out/>
  <testcase classname="dataProviders.Methods" name="testmethod" time="0.001"/>
  <system-out/>
  <testcase classname="dataProviders.Methods" name="testmethod" time="0.005"/>
  <system-out/>
</testsuite> <!-- dataProviders.Methods -->
