<?xml version="1.0" encoding="UTF-8"?>
<!-- Generated by org.testng.reporters.JUnitReportReporter -->
<testsuite hostname="LAPTOP-E8AE22MJ" failures="0" tests="2" name="annitaction.AnnotactionClass" time="10.182" errors="0" timestamp="2023-06-15T14:30:32 IST" skipped="0">
  <testcase classname="annitaction.AnnotactionClass" name="loginWithValidCredintials" time="3.936"/>
  <system-out/>
  <testcase classname="annitaction.AnnotactionClass" name="loginWithInValidCredintials" time="6.246"/>
  <system-out/>
</testsuite> <!-- annitaction.AnnotactionClass -->
