<?xml version="1.0" encoding="UTF-8"?>
<!-- Generated by org.testng.reporters.JUnitReportReporter -->
<testsuite hostname="LAPTOP-E8AE22MJ" failures="0" tests="2" name="annitaction.AnnotactionClass2" time="10.281" errors="0" timestamp="2023-06-15T14:30:32 IST" skipped="0">
  <testcase classname="annitaction.AnnotactionClass2" name="loginWithInValidCredintials4" time="5.891"/>
  <system-out/>
  <testcase classname="annitaction.AnnotactionClass2" name="loginWithValidCredintials3" time="4.390"/>
  <system-out/>
</testsuite> <!-- annitaction.AnnotactionClass2 -->
