<?xml version="1.0" encoding="UTF-8"?>
<!-- Generated by org.testng.reporters.JUnitReportReporter -->
<testsuite hostname="LAPTOP-E8AE22MJ" failures="0" tests="2" name="dataProviders.DataUtilization" time="0.005" errors="0" timestamp="2023-06-14T12:26:48 IST" skipped="0">
  <testcase classname="dataProviders.DataUtilization" name="demo" time="0.001"/>
  <system-out/>
  <testcase classname="dataProviders.DataUtilization" name="demo" time="0.004"/>
  <system-out/>
</testsuite> <!-- dataProviders.DataUtilization -->
