<?xml version="1.0" encoding="UTF-8"?>
<!-- Generated by org.testng.reporters.JUnitReportReporter -->
<testsuite hostname="LAPTOP-E8AE22MJ" failures="0" tests="4" name="genericLibraries.BrowserLunchMultipleTimeWithMultipleData" time="50.591" errors="0" timestamp="2023-06-14T07:29:55 IST" skipped="0">
  <testcase classname="genericLibraries.BrowserLunchMultipleTimeWithMultipleData" name="LunchingWithChangingData" time="12.142"/>
  <system-out/>
  <testcase classname="genericLibraries.BrowserLunchMultipleTimeWithMultipleData" name="LunchingWithChangingData" time="12.107"/>
  <system-out/>
  <testcase classname="genericLibraries.BrowserLunchMultipleTimeWithMultipleData" name="LunchingWithChangingData" time="14.512"/>
  <system-out/>
  <testcase classname="genericLibraries.BrowserLunchMultipleTimeWithMultipleData" name="LunchingWithChangingData" time="11.830"/>
  <system-out/>
</testsuite> <!-- genericLibraries.BrowserLunchMultipleTimeWithMultipleData -->
