<?xml version="1.0" encoding="UTF-8"?>
<!-- Generated by org.testng.reporters.JUnitReportReporter -->
<testsuite hostname="LAPTOP-E8AE22MJ" failures="0" tests="2" name="genericLibraries.ListenersClass" time="0.004" errors="0" timestamp="2023-06-17T10:11:02 IST" skipped="0">
  <testcase classname="genericLibraries.ListenersClass" name="demoForListener" time="0.002"/>
  <system-out/>
  <testcase classname="genericLibraries.ListenersClass" name="demoForListener2" time="0.002"/>
  <system-out/>
</testsuite> <!-- genericLibraries.ListenersClass -->
