<?xml version="1.0" encoding="UTF-8"?>
<!-- Generated by org.testng.reporters.JUnitReportReporter -->
<testsuite hostname="LAPTOP-E8AE22MJ" failures="0" tests="1" name="xmlParametrization.xmlParametarization" time="14.993" errors="0" timestamp="2023-06-08T11:03:23 IST" skipped="0">
  <testcase classname="xmlParametrization.xmlParametarization" name="SwiggyTest" time="14.993"/>
  <system-out/>
</testsuite> <!-- xmlParametrization.xmlParametarization -->
