<?xml version="1.0" encoding="UTF-8"?>
<!-- Generated by org.testng.reporters.JUnitReportReporter -->
<testsuite hostname="LAPTOP-E8AE22MJ" failures="0" tests="1" name="xmlParametrization.xmlParametarization" time="5.804" errors="0" timestamp="2023-06-17T10:03:46 IST" skipped="0">
  <testcase classname="xmlParametrization.xmlParametarization" name="SwiggyTest" time="5.804"/>
  <system-out/>
</testsuite> <!-- xmlParametrization.xmlParametarization -->
