<?xml version="1.0" encoding="UTF-8"?>
<!-- Generated by org.testng.reporters.JUnitReportReporter -->
<testsuite hostname="LAPTOP-E8AE22MJ" failures="0" tests="1" name="xmlParametrization.xmlParametarization" time="5.877" errors="0" timestamp="2023-06-09T08:57:04 IST" skipped="0">
  <testcase classname="xmlParametrization.xmlParametarization" name="SwiggyTest" time="5.877"/>
  <system-out/>
</testsuite> <!-- xmlParametrization.xmlParametarization -->
